[debug] [2018-10-12T04:39:56.976Z] ----------------------------------------------------------------------
[debug] [2018-10-12T04:39:56.992Z] Command:       C:\Program Files\nodejs\node.exe C:\Users\lalitha\AppData\Roaming\npm\node_modules\firebase-tools\bin\firebase use --add --project spang
[debug] [2018-10-12T04:39:56.992Z] CLI Version:   5.0.1
[debug] [2018-10-12T04:39:56.992Z] Platform:      win32
[debug] [2018-10-12T04:39:56.992Z] Node Version:  v8.12.0
[debug] [2018-10-12T04:39:56.992Z] Time:          Fri Oct 12 2018 10:09:56 GMT+0530 (India Standard Time)
[debug] [2018-10-12T04:39:56.992Z] ----------------------------------------------------------------------
[debug] 
[debug] [2018-10-12T04:39:56.992Z] > command requires scopes: ["email","openid","https://www.googleapis.com/auth/cloudplatformprojects.readonly","https://www.googleapis.com/auth/firebase","https://www.googleapis.com/auth/cloud-platform"]
[debug] [2018-10-12T04:39:56.992Z] > authorizing via signed-in user
[debug] [2018-10-12T04:39:57.007Z] >>> HTTP REQUEST GET https://admin.firebase.com/v1/projects  
 
[debug] [2018-10-12T04:39:58.214Z] <<< HTTP RESPONSE 200
[debug] [2018-10-12T04:40:10.268Z] TypeError: Cannot read property 'short' of undefined
    at Prompt.render (C:\Users\lalitha\AppData\Roaming\npm\node_modules\firebase-tools\node_modules\inquirer\lib\prompts\list.js:94:69)
    at Prompt.onSubmit (C:\Users\lalitha\AppData\Roaming\npm\node_modules\firebase-tools\node_modules\inquirer\lib\prompts\list.js:116:8)
    at AnonymousObserver.Rx.AnonymousObserver.AnonymousObserver.next (C:\Users\lalitha\AppData\Roaming\npm\node_modules\firebase-tools\node_modules\rx-lite\rx.lite.js:1535:12)
    at AnonymousObserver.Rx.internals.AbstractObserver.AbstractObserver.onNext (C:\Users\lalitha\AppData\Roaming\npm\node_modules\firebase-tools\node_modules\rx-lite\rx.lite.js:1469:31)
    at AnonymousObserver.tryCatcher (C:\Users\lalitha\AppData\Roaming\npm\node_modules\firebase-tools\node_modules\rx-lite\rx.lite.js:63:31)
    at AutoDetachObserverPrototype.next (C:\Users\lalitha\AppData\Roaming\npm\node_modules\firebase-tools\node_modules\rx-lite\rx.lite.js:5782:51)
    at AutoDetachObserver.Rx.internals.AbstractObserver.AbstractObserver.onNext (C:\Users\lalitha\AppData\Roaming\npm\node_modules\firebase-tools\node_modules\rx-lite\rx.lite.js:1469:31)
    at AnonymousObserver._onNext (C:\Users\lalitha\AppData\Roaming\npm\node_modules\firebase-tools\node_modules\rx-lite\rx.lite.js:4234:13)
    at AnonymousObserver.Rx.AnonymousObserver.AnonymousObserver.next (C:\Users\lalitha\AppData\Roaming\npm\node_modules\firebase-tools\node_modules\rx-lite\rx.lite.js:1535:12)
    at AnonymousObserver.Rx.internals.AbstractObserver.AbstractObserver.onNext (C:\Users\lalitha\AppData\Roaming\npm\node_modules\firebase-tools\node_modules\rx-lite\rx.lite.js:1469:31)
[error] 
[error] Error: An unexpected error has occurred.
